<?xml version="1.0" encoding="UTF-8"?>
<testsuite name="vizix.test.decoder.DecodeGTIN128Test" tests="4" skipped="0" failures="0" errors="0" timestamp="2020-10-19T19:21:00" hostname="rchirinos-laptop" time="0.019">
  <properties/>
  <testcase name="testEPC" classname="vizix.test.decoder.DecodeGTIN128Test" time="0.005"/>
  <testcase name="testEPC1" classname="vizix.test.decoder.DecodeGTIN128Test" time="0.01"/>
  <testcase name="testEPC2" classname="vizix.test.decoder.DecodeGTIN128Test" time="0.003"/>
  <testcase name="testEPC3" classname="vizix.test.decoder.DecodeGTIN128Test" time="0.001"/>
  <system-out><![CDATA[Invalid EPC length. Needs 32 hex digits.
Invalid hex character.
]]></system-out>
  <system-err><![CDATA[]]></system-err>
</testsuite>
