<?xml version="1.0" encoding="UTF-8"?>
<testsuite name="vizix.test.decoder.DecodeGTIN128Test" tests="1" skipped="0" failures="0" errors="0" timestamp="2020-10-29T17:18:31" hostname="rchirinos-laptop" time="0.011">
  <properties/>
  <testcase name="testEPC1" classname="vizix.test.decoder.DecodeGTIN128Test" time="0.011"/>
  <system-out><![CDATA[]]></system-out>
  <system-err><![CDATA[]]></system-err>
</testsuite>
